example/build/app/intermediates/manifest_merge_blame_file/debug/processDebugMainManifest/manifest-merger-blame-debug-report.txt
1<?xml version="1.0" encoding="utf-8"?>
2<manifest xmlns:android="http://schemas.android.com/apk/res/android"
3    package="io.flutter.plugins.videoplayerexample"
4    android:versionCode="1"
5    android:versionName="1.0" >
6
7    <uses-sdk
8        android:minSdkVersion="21"
9        android:targetSdkVersion="35" />
10    <!--
11         The INTERNET permission is required for development. Specifically,
12         the Flutter tool needs it to communicate with the running application
13         to allow setting breakpoints, to provide hot reload, etc.
14    -->
15    <uses-permission android:name="android.permission.INTERNET" />
15-->src\main\AndroidManifest.xml:23:3-64
15-->src\main\AndroidManifest.xml:23:20-62
16    <uses-permission android:name="android.permission.REORDER_TASKS" />
16-->[androidx.test:core:1.6.1] AndroidManifest.xml:24:5-72
16-->[androidx.test:core:1.6.1] AndroidManifest.xml:24:22-69
17    <uses-permission android:name="android.permission.ACCESS_NETWORK_STATE" />
17-->[androidx.media3:media3-common:1.4.1] AndroidManifest.xml:22:5-79
17-->[androidx.media3:media3-common:1.4.1] AndroidManifest.xml:22:22-76
18
19    <permission
19-->[androidx.core:core:1.13.1] AndroidManifest.xml:22:5-24:47
20        android:name="io.flutter.plugins.videoplayerexample.DYNAMIC_RECEIVER_NOT_EXPORTED_PERMISSION"
20-->[androidx.core:core:1.13.1] AndroidManifest.xml:23:9-81
21        android:protectionLevel="signature" />
21-->[androidx.core:core:1.13.1] AndroidManifest.xml:24:9-44
22
23    <uses-permission android:name="io.flutter.plugins.videoplayerexample.DYNAMIC_RECEIVER_NOT_EXPORTED_PERMISSION" />
23-->[androidx.core:core:1.13.1] AndroidManifest.xml:26:5-97
23-->[androidx.core:core:1.13.1] AndroidManifest.xml:26:22-94
24
25    <queries>
25-->[androidx.test:runner:1.6.1] AndroidManifest.xml:24:5-28:15
26        <package android:name="androidx.test.orchestrator" />
26-->[androidx.test:runner:1.6.1] AndroidManifest.xml:25:9-62
26-->[androidx.test:runner:1.6.1] AndroidManifest.xml:25:18-59
27        <package android:name="androidx.test.services" />
27-->[androidx.test:runner:1.6.1] AndroidManifest.xml:26:9-58
27-->[androidx.test:runner:1.6.1] AndroidManifest.xml:26:18-55
28        <package android:name="com.google.android.apps.common.testing.services" />
28-->[androidx.test:runner:1.6.1] AndroidManifest.xml:27:9-83
28-->[androidx.test:runner:1.6.1] AndroidManifest.xml:27:18-80
29    </queries>
30
31    <application
31-->src\main\AndroidManifest.xml:4:3-21:17
32        android:appComponentFactory="androidx.core.app.CoreComponentFactory"
32-->[androidx.core:core:1.13.1] AndroidManifest.xml:28:18-86
33        android:debuggable="true"
34        android:extractNativeLibs="true"
35        android:icon="@mipmap/ic_launcher"
35-->src\main\AndroidManifest.xml:5:5-39
36        android:label="video_player_example"
36-->src\main\AndroidManifest.xml:6:5-41
37        android:networkSecurityConfig="@xml/network_security_config"
37-->src\main\AndroidManifest.xml:7:5-65
38        android:usesCleartextTraffic="true" >
38-->src\debug\AndroidManifest.xml:7:18-53
39        <activity
39-->src\debug\AndroidManifest.xml:8:9-18:20
40            android:name="io.flutter.plugins.videoplayerexample.DriverExtensionActivity"
40-->src\debug\AndroidManifest.xml:9:13-89
41            android:configChanges="orientation|keyboardHidden|keyboard|screenSize|smallestScreenSize|locale|layoutDirection|fontScale|screenLayout|density|uiMode"
41-->src\debug\AndroidManifest.xml:12:13-163
42            android:hardwareAccelerated="true"
42-->src\debug\AndroidManifest.xml:13:13-47
43            android:launchMode="singleTop"
43-->src\debug\AndroidManifest.xml:10:13-43
44            android:theme="@style/LaunchTheme"
44-->src\debug\AndroidManifest.xml:11:13-47
45            android:windowSoftInputMode="adjustResize" >
45-->src\debug\AndroidManifest.xml:14:13-55
46            <meta-data
46-->src\debug\AndroidManifest.xml:15:13-17:55
47                android:name="io.flutter.Entrypoint"
47-->src\debug\AndroidManifest.xml:16:17-53
48                android:value="integrationTestMain" />
48-->src\debug\AndroidManifest.xml:17:17-52
49        </activity>
50        <activity
50-->src\main\AndroidManifest.xml:8:5-19:16
51            android:name="io.flutter.embedding.android.FlutterActivity"
51-->src\main\AndroidManifest.xml:12:7-66
52            android:configChanges="orientation|keyboardHidden|keyboard|screenSize|locale|layoutDirection"
52-->src\main\AndroidManifest.xml:9:7-100
53            android:exported="true"
53-->src\main\AndroidManifest.xml:10:9-32
54            android:hardwareAccelerated="true"
54-->src\main\AndroidManifest.xml:11:9-43
55            android:theme="@style/LaunchTheme"
55-->src\main\AndroidManifest.xml:13:7-41
56            android:windowSoftInputMode="adjustResize" >
56-->src\main\AndroidManifest.xml:14:7-49
57            <intent-filter>
57-->src\main\AndroidManifest.xml:15:7-18:23
58                <action android:name="android.intent.action.MAIN" />
58-->src\main\AndroidManifest.xml:16:9-60
58-->src\main\AndroidManifest.xml:16:17-58
59
60                <category android:name="android.intent.category.LAUNCHER" />
60-->src\main\AndroidManifest.xml:17:9-68
60-->src\main\AndroidManifest.xml:17:19-66
61            </intent-filter>
62        </activity>
63
64        <meta-data
64-->src\main\AndroidManifest.xml:20:5-67
65            android:name="flutterEmbedding"
65-->src\main\AndroidManifest.xml:20:16-47
66            android:value="2" />
66-->src\main\AndroidManifest.xml:20:48-65
67
68        <activity
68-->[androidx.test:core:1.6.1] AndroidManifest.xml:27:9-34:20
69            android:name="androidx.test.core.app.InstrumentationActivityInvoker$BootstrapActivity"
69-->[androidx.test:core:1.6.1] AndroidManifest.xml:28:13-99
70            android:exported="true"
70-->[androidx.test:core:1.6.1] AndroidManifest.xml:29:13-36
71            android:theme="@style/WhiteBackgroundTheme" >
71-->[androidx.test:core:1.6.1] AndroidManifest.xml:30:13-56
72            <intent-filter android:priority="-100" >
72-->[androidx.test:core:1.6.1] AndroidManifest.xml:31:13-33:29
72-->[androidx.test:core:1.6.1] AndroidManifest.xml:31:28-51
73                <category android:name="android.intent.category.LAUNCHER" />
73-->src\main\AndroidManifest.xml:17:9-68
73-->src\main\AndroidManifest.xml:17:19-66
74            </intent-filter>
75        </activity>
76        <activity
76-->[androidx.test:core:1.6.1] AndroidManifest.xml:35:9-42:20
77            android:name="androidx.test.core.app.InstrumentationActivityInvoker$EmptyActivity"
77-->[androidx.test:core:1.6.1] AndroidManifest.xml:36:13-95
78            android:exported="true"
78-->[androidx.test:core:1.6.1] AndroidManifest.xml:37:13-36
79            android:theme="@style/WhiteBackgroundTheme" >
79-->[androidx.test:core:1.6.1] AndroidManifest.xml:38:13-56
80            <intent-filter android:priority="-100" >
80-->[androidx.test:core:1.6.1] AndroidManifest.xml:31:13-33:29
80-->[androidx.test:core:1.6.1] AndroidManifest.xml:31:28-51
81                <category android:name="android.intent.category.LAUNCHER" />
81-->src\main\AndroidManifest.xml:17:9-68
81-->src\main\AndroidManifest.xml:17:19-66
82            </intent-filter>
83        </activity>
84        <activity
84-->[androidx.test:core:1.6.1] AndroidManifest.xml:43:9-50:20
85            android:name="androidx.test.core.app.InstrumentationActivityInvoker$EmptyFloatingActivity"
85-->[androidx.test:core:1.6.1] AndroidManifest.xml:44:13-103
86            android:exported="true"
86-->[androidx.test:core:1.6.1] AndroidManifest.xml:45:13-36
87            android:theme="@style/WhiteBackgroundDialogTheme" >
87-->[androidx.test:core:1.6.1] AndroidManifest.xml:46:13-62
88            <intent-filter android:priority="-100" >
88-->[androidx.test:core:1.6.1] AndroidManifest.xml:31:13-33:29
88-->[androidx.test:core:1.6.1] AndroidManifest.xml:31:28-51
89                <category android:name="android.intent.category.LAUNCHER" />
89-->src\main\AndroidManifest.xml:17:9-68
89-->src\main\AndroidManifest.xml:17:19-66
90            </intent-filter>
91        </activity>
92
93        <uses-library
93-->[androidx.window:window:1.2.0] AndroidManifest.xml:23:9-25:40
94            android:name="androidx.window.extensions"
94-->[androidx.window:window:1.2.0] AndroidManifest.xml:24:13-54
95            android:required="false" />
95-->[androidx.window:window:1.2.0] AndroidManifest.xml:25:13-37
96        <uses-library
96-->[androidx.window:window:1.2.0] AndroidManifest.xml:26:9-28:40
97            android:name="androidx.window.sidecar"
97-->[androidx.window:window:1.2.0] AndroidManifest.xml:27:13-51
98            android:required="false" />
98-->[androidx.window:window:1.2.0] AndroidManifest.xml:28:13-37
99
100        <provider
100-->[androidx.lifecycle:lifecycle-process:2.7.0] AndroidManifest.xml:24:9-32:20
101            android:name="androidx.startup.InitializationProvider"
101-->[androidx.lifecycle:lifecycle-process:2.7.0] AndroidManifest.xml:25:13-67
102            android:authorities="io.flutter.plugins.videoplayerexample.androidx-startup"
102-->[androidx.lifecycle:lifecycle-process:2.7.0] AndroidManifest.xml:26:13-68
103            android:exported="false" >
103-->[androidx.lifecycle:lifecycle-process:2.7.0] AndroidManifest.xml:27:13-37
104            <meta-data
104-->[androidx.lifecycle:lifecycle-process:2.7.0] AndroidManifest.xml:29:13-31:52
105                android:name="androidx.lifecycle.ProcessLifecycleInitializer"
105-->[androidx.lifecycle:lifecycle-process:2.7.0] AndroidManifest.xml:30:17-78
106                android:value="androidx.startup" />
106-->[androidx.lifecycle:lifecycle-process:2.7.0] AndroidManifest.xml:31:17-49
107            <meta-data
107-->[androidx.profileinstaller:profileinstaller:1.3.1] AndroidManifest.xml:29:13-31:52
108                android:name="androidx.profileinstaller.ProfileInstallerInitializer"
108-->[androidx.profileinstaller:profileinstaller:1.3.1] AndroidManifest.xml:30:17-85
109                android:value="androidx.startup" />
109-->[androidx.profileinstaller:profileinstaller:1.3.1] AndroidManifest.xml:31:17-49
110        </provider>
111
112        <receiver
112-->[androidx.profileinstaller:profileinstaller:1.3.1] AndroidManifest.xml:34:9-52:20
113            android:name="androidx.profileinstaller.ProfileInstallReceiver"
113-->[androidx.profileinstaller:profileinstaller:1.3.1] AndroidManifest.xml:35:13-76
114            android:directBootAware="false"
114-->[androidx.profileinstaller:profileinstaller:1.3.1] AndroidManifest.xml:36:13-44
115            android:enabled="true"
115-->[androidx.profileinstaller:profileinstaller:1.3.1] AndroidManifest.xml:37:13-35
116            android:exported="true"
116-->[androidx.profileinstaller:profileinstaller:1.3.1] AndroidManifest.xml:38:13-36
117            android:permission="android.permission.DUMP" >
117-->[androidx.profileinstaller:profileinstaller:1.3.1] AndroidManifest.xml:39:13-57
118            <intent-filter>
118-->[androidx.profileinstaller:profileinstaller:1.3.1] AndroidManifest.xml:40:13-42:29
119                <action android:name="androidx.profileinstaller.action.INSTALL_PROFILE" />
119-->[androidx.profileinstaller:profileinstaller:1.3.1] AndroidManifest.xml:41:17-91
119-->[androidx.profileinstaller:profileinstaller:1.3.1] AndroidManifest.xml:41:25-88
120            </intent-filter>
121            <intent-filter>
121-->[androidx.profileinstaller:profileinstaller:1.3.1] AndroidManifest.xml:43:13-45:29
122                <action android:name="androidx.profileinstaller.action.SKIP_FILE" />
122-->[androidx.profileinstaller:profileinstaller:1.3.1] AndroidManifest.xml:44:17-85
122-->[androidx.profileinstaller:profileinstaller:1.3.1] AndroidManifest.xml:44:25-82
123            </intent-filter>
124            <intent-filter>
124-->[androidx.profileinstaller:profileinstaller:1.3.1] AndroidManifest.xml:46:13-48:29
125                <action android:name="androidx.profileinstaller.action.SAVE_PROFILE" />
125-->[androidx.profileinstaller:profileinstaller:1.3.1] AndroidManifest.xml:47:17-88
125-->[androidx.profileinstaller:profileinstaller:1.3.1] AndroidManifest.xml:47:25-85
126            </intent-filter>
127            <intent-filter>
127-->[androidx.profileinstaller:profileinstaller:1.3.1] AndroidManifest.xml:49:13-51:29
128                <action android:name="androidx.profileinstaller.action.BENCHMARK_OPERATION" />
128-->[androidx.profileinstaller:profileinstaller:1.3.1] AndroidManifest.xml:50:17-95
128-->[androidx.profileinstaller:profileinstaller:1.3.1] AndroidManifest.xml:50:25-92
129            </intent-filter>
130        </receiver>
131    </application>
132
133</manifest>